c:\users\alientech\documents\projects\c_plus_plus\opengllearn\x64\debug\vc142.pdb
c:\users\alientech\documents\projects\c_plus_plus\opengllearn\x64\debug\vc142.idb
c:\users\alientech\documents\projects\c_plus_plus\opengllearn\x64\debug\main.obj
c:\users\alientech\documents\projects\c_plus_plus\opengllearn\x64\debug\shader.obj
c:\users\alientech\documents\projects\c_plus_plus\opengllearn\x64\debug\render.obj
c:\users\alientech\documents\projects\c_plus_plus\opengllearn\x64\debug\stb_image.obj
c:\users\alientech\documents\projects\c_plus_plus\opengllearn\x64\debug\learnopengl.pdb
c:\users\alientech\documents\projects\c_plus_plus\opengllearn\x64\debug\learnopengl.tlog\cl.command.1.tlog
c:\users\alientech\documents\projects\c_plus_plus\opengllearn\x64\debug\learnopengl.tlog\cl.read.1.tlog
c:\users\alientech\documents\projects\c_plus_plus\opengllearn\x64\debug\learnopengl.tlog\cl.write.1.tlog
c:\users\alientech\documents\projects\c_plus_plus\opengllearn\x64\debug\learnopengl.tlog\link-cvtres.read.1.tlog
c:\users\alientech\documents\projects\c_plus_plus\opengllearn\x64\debug\learnopengl.tlog\link-cvtres.write.1.tlog
c:\users\alientech\documents\projects\c_plus_plus\opengllearn\x64\debug\learnopengl.tlog\link-rc.read.1.tlog
c:\users\alientech\documents\projects\c_plus_plus\opengllearn\x64\debug\learnopengl.tlog\link-rc.write.1.tlog
c:\users\alientech\documents\projects\c_plus_plus\opengllearn\x64\debug\learnopengl.tlog\link.18120-cvtres.read.1.tlog
c:\users\alientech\documents\projects\c_plus_plus\opengllearn\x64\debug\learnopengl.tlog\link.18120-cvtres.write.1.tlog
c:\users\alientech\documents\projects\c_plus_plus\opengllearn\x64\debug\learnopengl.tlog\link.18120-rc.read.1.tlog
c:\users\alientech\documents\projects\c_plus_plus\opengllearn\x64\debug\learnopengl.tlog\link.18120-rc.write.1.tlog
c:\users\alientech\documents\projects\c_plus_plus\opengllearn\x64\debug\learnopengl.tlog\link.18120.read.1.tlog
c:\users\alientech\documents\projects\c_plus_plus\opengllearn\x64\debug\learnopengl.tlog\link.18120.write.1.tlog
c:\users\alientech\documents\projects\c_plus_plus\opengllearn\x64\debug\learnopengl.tlog\link.command.1.tlog
c:\users\alientech\documents\projects\c_plus_plus\opengllearn\x64\debug\learnopengl.tlog\link.read.1.tlog
c:\users\alientech\documents\projects\c_plus_plus\opengllearn\x64\debug\learnopengl.tlog\link.write.1.tlog
