  stb_image.cpp
  Mesh.cpp
C:\Users\Alientech\Documents\Projects\C_plus_plus\OpenglLearn\src\Mesh.cpp(40,54): warning C4244: 'argument': conversion from 'unsigned int' to 'float', possible loss of data
C:\Users\Alientech\Documents\Projects\C_plus_plus\OpenglLearn\src\Mesh.cpp(60,65): warning C4267: 'argument': conversion from 'size_t' to 'GLsizei', possible loss of data
  Model.cpp
  Render.cpp
  Shader.cpp
  main.cpp
C:\Users\Alientech\Documents\Projects\C_plus_plus\OpenglLearn\src\Header.h(88,22): warning C4244: 'initializing': conversion from 'double' to 'float', possible loss of data
C:\Users\Alientech\Documents\Projects\C_plus_plus\OpenglLearn\src\Header.h(117,18): warning C4244: 'initializing': conversion from 'double' to 'float', possible loss of data
C:\Users\Alientech\Documents\Projects\C_plus_plus\OpenglLearn\src\Header.h(118,18): warning C4244: 'initializing': conversion from 'double' to 'float', possible loss of data
C:\Users\Alientech\Documents\Projects\C_plus_plus\OpenglLearn\src\Header.h(119,29): warning C4244: '=': conversion from 'double' to 'float', possible loss of data
C:\Users\Alientech\Documents\Projects\C_plus_plus\OpenglLearn\src\Header.h(120,29): warning C4244: '=': conversion from 'double' to 'float', possible loss of data
C:\Users\Alientech\Documents\Projects\C_plus_plus\OpenglLearn\src\Header.h(138,35): warning C4244: '-=': conversion from 'double' to 'float', possible loss of data
C:\Users\Alientech\Documents\Projects\C_plus_plus\OpenglLearn\src\Header.h(162,27): warning C4244: 'argument': conversion from 'float' to 'GLint', possible loss of data
C:\Users\Alientech\Documents\Projects\C_plus_plus\OpenglLearn\src\main.cpp(294,29): warning C4244: 'argument': conversion from 'float' to 'GLint', possible loss of data
C:\Users\Alientech\Documents\Projects\C_plus_plus\OpenglLearn\src\main.cpp(327,20): warning C4244: 'initializing': conversion from 'double' to 'float', possible loss of data
C:\Users\Alientech\Documents\Projects\C_plus_plus\OpenglLearn\src\main.cpp(447,40): warning C4244: 'argument': conversion from 'unsigned int' to 'float', possible loss of data
C:\Users\Alientech\Documents\Projects\C_plus_plus\OpenglLearn\src\main.cpp(514,30): warning C4244: 'argument': conversion from 'float' to 'GLint', possible loss of data
  imgui.cpp
  imgui_demo.cpp
  imgui_draw.cpp
  imgui_impl_glfw.cpp
  imgui_impl_opengl3.cpp
  imgui_tables.cpp
  imgui_widgets.cpp
  Generating Code...
  LearnOpenGL.vcxproj -> C:\Users\Alientech\Documents\Projects\C_plus_plus\OpenglLearn\x64\Debug\LearnOpenGL.exe
