C:\Program Files\Microsoft Visual Studio\2022\Community\MSBuild\Current\Bin\amd64\Microsoft.Common.CurrentVersion.targets(2066,5): warning : The referenced project 'C:\Users\Alientech\Downloads\glfw-master\ZERO_CHECK.vcxproj' does not exist.
C:\Program Files\Microsoft Visual Studio\2022\Community\MSBuild\Current\Bin\amd64\Microsoft.Common.CurrentVersion.targets(2066,5): warning : The referenced project 'C:\Users\Alientech\Downloads\glfw-master\examples\boing.vcxproj' does not exist.
C:\Program Files\Microsoft Visual Studio\2022\Community\MSBuild\Current\Bin\amd64\Microsoft.Common.CurrentVersion.targets(2066,5): warning : The referenced project 'C:\Users\Alientech\Downloads\glfw-master\tests\clipboard.vcxproj' does not exist.
C:\Program Files\Microsoft Visual Studio\2022\Community\MSBuild\Current\Bin\amd64\Microsoft.Common.CurrentVersion.targets(2066,5): warning : The referenced project 'C:\Users\Alientech\Downloads\glfw-master\tests\cursor.vcxproj' does not exist.
C:\Program Files\Microsoft Visual Studio\2022\Community\MSBuild\Current\Bin\amd64\Microsoft.Common.CurrentVersion.targets(2066,5): warning : The referenced project 'C:\Users\Alientech\Downloads\glfw-master\tests\empty.vcxproj' does not exist.
C:\Program Files\Microsoft Visual Studio\2022\Community\MSBuild\Current\Bin\amd64\Microsoft.Common.CurrentVersion.targets(2066,5): warning : The referenced project 'C:\Users\Alientech\Downloads\glfw-master\tests\events.vcxproj' does not exist.
C:\Program Files\Microsoft Visual Studio\2022\Community\MSBuild\Current\Bin\amd64\Microsoft.Common.CurrentVersion.targets(2066,5): warning : The referenced project 'C:\Users\Alientech\Downloads\glfw-master\tests\gamma.vcxproj' does not exist.
C:\Program Files\Microsoft Visual Studio\2022\Community\MSBuild\Current\Bin\amd64\Microsoft.Common.CurrentVersion.targets(2066,5): warning : The referenced project 'C:\Users\Alientech\Downloads\glfw-master\examples\gears.vcxproj' does not exist.
C:\Program Files\Microsoft Visual Studio\2022\Community\MSBuild\Current\Bin\amd64\Microsoft.Common.CurrentVersion.targets(2066,5): warning : The referenced project 'C:\Users\Alientech\Downloads\glfw-master\src\glfw.vcxproj' does not exist.
C:\Program Files\Microsoft Visual Studio\2022\Community\MSBuild\Current\Bin\amd64\Microsoft.Common.CurrentVersion.targets(2066,5): warning : The referenced project 'C:\Users\Alientech\Downloads\glfw-master\tests\glfwinfo.vcxproj' does not exist.
C:\Program Files\Microsoft Visual Studio\2022\Community\MSBuild\Current\Bin\amd64\Microsoft.Common.CurrentVersion.targets(2066,5): warning : The referenced project 'C:\Users\Alientech\Downloads\glfw-master\examples\heightmap.vcxproj' does not exist.
C:\Program Files\Microsoft Visual Studio\2022\Community\MSBuild\Current\Bin\amd64\Microsoft.Common.CurrentVersion.targets(2066,5): warning : The referenced project 'C:\Users\Alientech\Downloads\glfw-master\tests\icon.vcxproj' does not exist.
C:\Program Files\Microsoft Visual Studio\2022\Community\MSBuild\Current\Bin\amd64\Microsoft.Common.CurrentVersion.targets(2066,5): warning : The referenced project 'C:\Users\Alientech\Downloads\glfw-master\tests\iconify.vcxproj' does not exist.
C:\Program Files\Microsoft Visual Studio\2022\Community\MSBuild\Current\Bin\amd64\Microsoft.Common.CurrentVersion.targets(2066,5): warning : The referenced project 'C:\Users\Alientech\Downloads\glfw-master\tests\inputlag.vcxproj' does not exist.
C:\Program Files\Microsoft Visual Studio\2022\Community\MSBuild\Current\Bin\amd64\Microsoft.Common.CurrentVersion.targets(2066,5): warning : The referenced project 'C:\Users\Alientech\Downloads\glfw-master\tests\joysticks.vcxproj' does not exist.
C:\Program Files\Microsoft Visual Studio\2022\Community\MSBuild\Current\Bin\amd64\Microsoft.Common.CurrentVersion.targets(2066,5): warning : The referenced project 'C:\Users\Alientech\Downloads\glfw-master\tests\monitors.vcxproj' does not exist.
C:\Program Files\Microsoft Visual Studio\2022\Community\MSBuild\Current\Bin\amd64\Microsoft.Common.CurrentVersion.targets(2066,5): warning : The referenced project 'C:\Users\Alientech\Downloads\glfw-master\tests\msaa.vcxproj' does not exist.
C:\Program Files\Microsoft Visual Studio\2022\Community\MSBuild\Current\Bin\amd64\Microsoft.Common.CurrentVersion.targets(2066,5): warning : The referenced project 'C:\Users\Alientech\Downloads\glfw-master\examples\offscreen.vcxproj' does not exist.
C:\Program Files\Microsoft Visual Studio\2022\Community\MSBuild\Current\Bin\amd64\Microsoft.Common.CurrentVersion.targets(2066,5): warning : The referenced project 'C:\Users\Alientech\Downloads\glfw-master\examples\particles.vcxproj' does not exist.
C:\Program Files\Microsoft Visual Studio\2022\Community\MSBuild\Current\Bin\amd64\Microsoft.Common.CurrentVersion.targets(2066,5): warning : The referenced project 'C:\Users\Alientech\Downloads\glfw-master\tests\reopen.vcxproj' does not exist.
C:\Program Files\Microsoft Visual Studio\2022\Community\MSBuild\Current\Bin\amd64\Microsoft.Common.CurrentVersion.targets(2066,5): warning : The referenced project 'C:\Users\Alientech\Downloads\glfw-master\examples\sharing.vcxproj' does not exist.
C:\Program Files\Microsoft Visual Studio\2022\Community\MSBuild\Current\Bin\amd64\Microsoft.Common.CurrentVersion.targets(2066,5): warning : The referenced project 'C:\Users\Alientech\Downloads\glfw-master\examples\splitview.vcxproj' does not exist.
C:\Program Files\Microsoft Visual Studio\2022\Community\MSBuild\Current\Bin\amd64\Microsoft.Common.CurrentVersion.targets(2066,5): warning : The referenced project 'C:\Users\Alientech\Downloads\glfw-master\tests\tearing.vcxproj' does not exist.
C:\Program Files\Microsoft Visual Studio\2022\Community\MSBuild\Current\Bin\amd64\Microsoft.Common.CurrentVersion.targets(2066,5): warning : The referenced project 'C:\Users\Alientech\Downloads\glfw-master\tests\threads.vcxproj' does not exist.
C:\Program Files\Microsoft Visual Studio\2022\Community\MSBuild\Current\Bin\amd64\Microsoft.Common.CurrentVersion.targets(2066,5): warning : The referenced project 'C:\Users\Alientech\Downloads\glfw-master\tests\timeout.vcxproj' does not exist.
C:\Program Files\Microsoft Visual Studio\2022\Community\MSBuild\Current\Bin\amd64\Microsoft.Common.CurrentVersion.targets(2066,5): warning : The referenced project 'C:\Users\Alientech\Downloads\glfw-master\tests\title.vcxproj' does not exist.
C:\Program Files\Microsoft Visual Studio\2022\Community\MSBuild\Current\Bin\amd64\Microsoft.Common.CurrentVersion.targets(2066,5): warning : The referenced project 'C:\Users\Alientech\Downloads\glfw-master\examples\triangle-opengl.vcxproj' does not exist.
C:\Program Files\Microsoft Visual Studio\2022\Community\MSBuild\Current\Bin\amd64\Microsoft.Common.CurrentVersion.targets(2066,5): warning : The referenced project 'C:\Users\Alientech\Downloads\glfw-master\tests\triangle-vulkan.vcxproj' does not exist.
C:\Program Files\Microsoft Visual Studio\2022\Community\MSBuild\Current\Bin\amd64\Microsoft.Common.CurrentVersion.targets(2066,5): warning : The referenced project 'C:\Users\Alientech\Downloads\glfw-master\examples\wave.vcxproj' does not exist.
C:\Program Files\Microsoft Visual Studio\2022\Community\MSBuild\Current\Bin\amd64\Microsoft.Common.CurrentVersion.targets(2066,5): warning : The referenced project 'C:\Users\Alientech\Downloads\glfw-master\tests\window.vcxproj' does not exist.
C:\Program Files\Microsoft Visual Studio\2022\Community\MSBuild\Current\Bin\amd64\Microsoft.Common.CurrentVersion.targets(2066,5): warning : The referenced project 'C:\Users\Alientech\Downloads\glfw-master\examples\windows.vcxproj' does not exist.
C:\Program Files\Microsoft Visual Studio\2022\Community\MSBuild\Microsoft\VC\v170\Microsoft.CppBuild.targets(460,5): error MSB8020: The build tools for Visual Studio 2019 (Platform Toolset = 'v142') cannot be found. To build using the v142 build tools, please install Visual Studio 2019 build tools.  Alternatively, you may upgrade to the current Visual Studio tools by selecting the Project menu or right-click the solution, and then selecting "Retarget solution".
